<?xml version="1.0" encoding="UTF-8"?>
<!-- Generated by org.testng.reporters.JUnitXMLReporter -->
<testsuite hostname="NOC-DEV" name="Default test" tests="24" failures="0" timestamp="21 Dec 2016 02:02:26 GMT" time="161.892" errors="0">
  <testcase name="add" time="0.016" classname="bwi.prog1D.WS1617.wi16b002_Galanxhi.LabWork01.tests.LendItemArrayListFunctionsTest"/>
  <testcase name="addToFullNotResizable" time="0.002" classname="bwi.prog1D.WS1617.wi16b002_Galanxhi.LabWork01.tests.LendItemArrayListFunctionsTest"/>
  <testcase name="addToFullResizable" time="0.002" classname="bwi.prog1D.WS1617.wi16b002_Galanxhi.LabWork01.tests.LendItemArrayListFunctionsTest"/>
  <testcase name="filterByDescription" time="0.009" classname="bwi.prog1D.WS1617.wi16b002_Galanxhi.LabWork01.tests.LendItemArrayListFunctionsTest"/>
  <testcase name="filterByDescription" time="0.008" classname="bwi.prog1D.WS1617.wi16b002_Galanxhi.LabWork01.tests.LendItemArrayListFunctionsTest"/>
  <testcase name="filterByDescription" time="0.005" classname="bwi.prog1D.WS1617.wi16b002_Galanxhi.LabWork01.tests.LendItemArrayListFunctionsTest"/>
  <testcase name="filterByDescription" time="0.006" classname="bwi.prog1D.WS1617.wi16b002_Galanxhi.LabWork01.tests.LendItemArrayListFunctionsTest"/>
  <testcase name="filterByDescription" time="0.008" classname="bwi.prog1D.WS1617.wi16b002_Galanxhi.LabWork01.tests.LendItemArrayListFunctionsTest"/>
  <testcase name="findByID" time="0.008" classname="bwi.prog1D.WS1617.wi16b002_Galanxhi.LabWork01.tests.LendItemArrayListFunctionsTest"/>
  <testcase name="findByID" time="0.009" classname="bwi.prog1D.WS1617.wi16b002_Galanxhi.LabWork01.tests.LendItemArrayListFunctionsTest"/>
  <testcase name="findByID" time="0.01" classname="bwi.prog1D.WS1617.wi16b002_Galanxhi.LabWork01.tests.LendItemArrayListFunctionsTest"/>
  <testcase name="findByID" time="0.014" classname="bwi.prog1D.WS1617.wi16b002_Galanxhi.LabWork01.tests.LendItemArrayListFunctionsTest"/>
  <testcase name="findByID" time="0.013" classname="bwi.prog1D.WS1617.wi16b002_Galanxhi.LabWork01.tests.LendItemArrayListFunctionsTest"/>
  <testcase name="remove" time="0.009" classname="bwi.prog1D.WS1617.wi16b002_Galanxhi.LabWork01.tests.LendItemArrayListFunctionsTest"/>
  <testcase name="removeFromFullList" time="0.01" classname="bwi.prog1D.WS1617.wi16b002_Galanxhi.LabWork01.tests.LendItemArrayListFunctionsTest"/>
  <testcase name="removeNonExistingElement" time="11.686" classname="bwi.prog1D.WS1617.wi16b002_Galanxhi.LabWork01.tests.LendItemArrayListFunctionsTest"/>
  <testcase name="removeNonExistingID" time="0.003" classname="bwi.prog1D.WS1617.wi16b002_Galanxhi.LabWork01.tests.LendItemArrayListFunctionsTest"/>
  <testcase name="removeSecondElement" time="0.003" classname="bwi.prog1D.WS1617.wi16b002_Galanxhi.LabWork01.tests.LendItemArrayListFunctionsTest"/>
  <testcase name="sort" time="0.026" classname="bwi.prog1D.WS1617.wi16b002_Galanxhi.LabWork01.tests.LendItemArrayListFunctionsTest"/>
  <testcase name="sort" time="0.008" classname="bwi.prog1D.WS1617.wi16b002_Galanxhi.LabWork01.tests.LendItemArrayListFunctionsTest"/>
  <testcase name="sort" time="146.488" classname="bwi.prog1D.WS1617.wi16b002_Galanxhi.LabWork01.tests.LendItemArrayListFunctionsTest"/>
  <testcase name="sort" time="0.799" classname="bwi.prog1D.WS1617.wi16b002_Galanxhi.LabWork01.tests.LendItemArrayListFunctionsTest"/>
  <testcase name="sort" time="1.357" classname="bwi.prog1D.WS1617.wi16b002_Galanxhi.LabWork01.tests.LendItemArrayListFunctionsTest"/>
  <testcase name="sort" time="1.232" classname="bwi.prog1D.WS1617.wi16b002_Galanxhi.LabWork01.tests.LendItemArrayListFunctionsTest"/>
</testsuite> <!-- Default test -->
