<?xml version="1.0" encoding="UTF-8"?>
<!-- Generated by org.testng.reporters.JUnitXMLReporter -->
<testsuite hostname="NOC-DEV" name="Default test" tests="24" failures="0" timestamp="21 Dec 2016 01:19:44 GMT" time="36.245" errors="0">
  <testcase name="add" time="0.029" classname="bwi.prog1D.WS1617.wi16b002_Galanxhi.LabWork01.tests.LendItemArrayListFunctionsTest"/>
  <testcase name="addToFullNotResizable" time="0.004" classname="bwi.prog1D.WS1617.wi16b002_Galanxhi.LabWork01.tests.LendItemArrayListFunctionsTest"/>
  <testcase name="addToFullResizable" time="0.004" classname="bwi.prog1D.WS1617.wi16b002_Galanxhi.LabWork01.tests.LendItemArrayListFunctionsTest"/>
  <testcase name="filterByDescription" time="0.021" classname="bwi.prog1D.WS1617.wi16b002_Galanxhi.LabWork01.tests.LendItemArrayListFunctionsTest"/>
  <testcase name="filterByDescription" time="0.016" classname="bwi.prog1D.WS1617.wi16b002_Galanxhi.LabWork01.tests.LendItemArrayListFunctionsTest"/>
  <testcase name="filterByDescription" time="0.012" classname="bwi.prog1D.WS1617.wi16b002_Galanxhi.LabWork01.tests.LendItemArrayListFunctionsTest"/>
  <testcase name="filterByDescription" time="0.01" classname="bwi.prog1D.WS1617.wi16b002_Galanxhi.LabWork01.tests.LendItemArrayListFunctionsTest"/>
  <testcase name="filterByDescription" time="0.01" classname="bwi.prog1D.WS1617.wi16b002_Galanxhi.LabWork01.tests.LendItemArrayListFunctionsTest"/>
  <testcase name="findByID" time="0.011" classname="bwi.prog1D.WS1617.wi16b002_Galanxhi.LabWork01.tests.LendItemArrayListFunctionsTest"/>
  <testcase name="findByID" time="0.008" classname="bwi.prog1D.WS1617.wi16b002_Galanxhi.LabWork01.tests.LendItemArrayListFunctionsTest"/>
  <testcase name="findByID" time="0.013" classname="bwi.prog1D.WS1617.wi16b002_Galanxhi.LabWork01.tests.LendItemArrayListFunctionsTest"/>
  <testcase name="findByID" time="0.01" classname="bwi.prog1D.WS1617.wi16b002_Galanxhi.LabWork01.tests.LendItemArrayListFunctionsTest"/>
  <testcase name="findByID" time="0.007" classname="bwi.prog1D.WS1617.wi16b002_Galanxhi.LabWork01.tests.LendItemArrayListFunctionsTest"/>
  <testcase name="remove" time="0.008" classname="bwi.prog1D.WS1617.wi16b002_Galanxhi.LabWork01.tests.LendItemArrayListFunctionsTest"/>
  <testcase name="removeFromFullList" time="0.009" classname="bwi.prog1D.WS1617.wi16b002_Galanxhi.LabWork01.tests.LendItemArrayListFunctionsTest"/>
  <testcase name="removeNonExistingElement" time="0.005" classname="bwi.prog1D.WS1617.wi16b002_Galanxhi.LabWork01.tests.LendItemArrayListFunctionsTest"/>
  <testcase name="removeNonExistingID" time="0.003" classname="bwi.prog1D.WS1617.wi16b002_Galanxhi.LabWork01.tests.LendItemArrayListFunctionsTest"/>
  <testcase name="removeSecondElement" time="0.004" classname="bwi.prog1D.WS1617.wi16b002_Galanxhi.LabWork01.tests.LendItemArrayListFunctionsTest"/>
  <testcase name="sort" time="23.337" classname="bwi.prog1D.WS1617.wi16b002_Galanxhi.LabWork01.tests.LendItemArrayListFunctionsTest"/>
  <testcase name="sort" time="5.075" classname="bwi.prog1D.WS1617.wi16b002_Galanxhi.LabWork01.tests.LendItemArrayListFunctionsTest"/>
  <testcase name="sort" time="1.442" classname="bwi.prog1D.WS1617.wi16b002_Galanxhi.LabWork01.tests.LendItemArrayListFunctionsTest"/>
  <testcase name="sort" time="0.877" classname="bwi.prog1D.WS1617.wi16b002_Galanxhi.LabWork01.tests.LendItemArrayListFunctionsTest"/>
  <testcase name="sort" time="1.572" classname="bwi.prog1D.WS1617.wi16b002_Galanxhi.LabWork01.tests.LendItemArrayListFunctionsTest"/>
  <testcase name="sort" time="3.543" classname="bwi.prog1D.WS1617.wi16b002_Galanxhi.LabWork01.tests.LendItemArrayListFunctionsTest"/>
</testsuite> <!-- Default test -->
