<?xml version="1.0" encoding="UTF-8"?>
<testng-results skipped="0" failed="0" total="24" passed="24">
  <reporter-output>
  </reporter-output>
  <suite name="Default suite" duration-ms="368" started-at="2016-12-21T01:08:35Z" finished-at="2016-12-21T01:08:36Z">
    <groups>
    </groups>
    <test name="Default test" duration-ms="368" started-at="2016-12-21T01:08:35Z" finished-at="2016-12-21T01:08:36Z">
      <class name="bwi.prog1D.WS1617.wi16b002_Galanxhi.LabWork01.tests.LendItemArrayListFunctionsTest">
        <test-method status="PASS" signature="init()[pri:0, instance:bwi.prog1D.WS1617.wi16b002_Galanxhi.LabWork01.tests.LendItemArrayListFunctionsTest@5ae9a829]" name="init" is-config="true" duration-ms="17" started-at="2016-12-21T02:08:35Z" finished-at="2016-12-21T02:08:35Z">
          <reporter-output>
          </reporter-output>
        </test-method> <!-- init -->
        <test-method status="PASS" signature="add()[pri:0, instance:bwi.prog1D.WS1617.wi16b002_Galanxhi.LabWork01.tests.LendItemArrayListFunctionsTest@5ae9a829]" name="add" duration-ms="20" started-at="2016-12-21T02:08:35Z" description="tests if one lendItem can be added to an empty LendItemArrayList" finished-at="2016-12-21T02:08:35Z">
          <reporter-output>
          </reporter-output>
        </test-method> <!-- add -->
        <test-method status="PASS" signature="init()[pri:0, instance:bwi.prog1D.WS1617.wi16b002_Galanxhi.LabWork01.tests.LendItemArrayListFunctionsTest@5ae9a829]" name="init" is-config="true" duration-ms="1" started-at="2016-12-21T02:08:35Z" finished-at="2016-12-21T02:08:35Z">
          <reporter-output>
          </reporter-output>
        </test-method> <!-- init -->
        <test-method status="PASS" signature="addToFullNotResizable()[pri:0, instance:bwi.prog1D.WS1617.wi16b002_Galanxhi.LabWork01.tests.LendItemArrayListFunctionsTest@5ae9a829]" name="addToFullNotResizable" duration-ms="6" started-at="2016-12-21T02:08:35Z" description="tests if one lendItem can be added to a full not resizable LendItemArrayList" finished-at="2016-12-21T02:08:35Z">
          <reporter-output>
          </reporter-output>
        </test-method> <!-- addToFullNotResizable -->
        <test-method status="PASS" signature="init()[pri:0, instance:bwi.prog1D.WS1617.wi16b002_Galanxhi.LabWork01.tests.LendItemArrayListFunctionsTest@5ae9a829]" name="init" is-config="true" duration-ms="1" started-at="2016-12-21T02:08:35Z" finished-at="2016-12-21T02:08:35Z">
          <reporter-output>
          </reporter-output>
        </test-method> <!-- init -->
        <test-method status="PASS" signature="addToFullResizable()[pri:0, instance:bwi.prog1D.WS1617.wi16b002_Galanxhi.LabWork01.tests.LendItemArrayListFunctionsTest@5ae9a829]" name="addToFullResizable" duration-ms="3" started-at="2016-12-21T02:08:35Z" description="tests if one lendItem can be added to a full RESIZABLE LendItemArrayList" finished-at="2016-12-21T02:08:35Z">
          <reporter-output>
          </reporter-output>
        </test-method> <!-- addToFullResizable -->
        <test-method status="PASS" signature="filterByDescription(java.lang.String)[pri:0, instance:bwi.prog1D.WS1617.wi16b002_Galanxhi.LabWork01.tests.LendItemArrayListFunctionsTest@5ae9a829]" name="filterByDescription" duration-ms="17" started-at="2016-12-21T02:08:35Z" description="tests if filter by description returns the defined result" data-provider="filterDesc" finished-at="2016-12-21T02:08:35Z">
          <params>
            <param index="0">
              <value>
                <![CDATA[_]]>
              </value>
            </param>
          </params>
          <reporter-output>
          </reporter-output>
        </test-method> <!-- filterByDescription -->
        <test-method status="PASS" signature="init()[pri:0, instance:bwi.prog1D.WS1617.wi16b002_Galanxhi.LabWork01.tests.LendItemArrayListFunctionsTest@5ae9a829]" name="init" is-config="true" duration-ms="0" started-at="2016-12-21T02:08:35Z" finished-at="2016-12-21T02:08:35Z">
          <reporter-output>
          </reporter-output>
        </test-method> <!-- init -->
        <test-method status="PASS" signature="init()[pri:0, instance:bwi.prog1D.WS1617.wi16b002_Galanxhi.LabWork01.tests.LendItemArrayListFunctionsTest@5ae9a829]" name="init" is-config="true" duration-ms="1" started-at="2016-12-21T02:08:35Z" finished-at="2016-12-21T02:08:35Z">
          <reporter-output>
          </reporter-output>
        </test-method> <!-- init -->
        <test-method status="PASS" signature="filterByDescription(java.lang.String)[pri:0, instance:bwi.prog1D.WS1617.wi16b002_Galanxhi.LabWork01.tests.LendItemArrayListFunctionsTest@5ae9a829]" name="filterByDescription" duration-ms="10" started-at="2016-12-21T02:08:35Z" description="tests if filter by description returns the defined result" data-provider="filterDesc" finished-at="2016-12-21T02:08:35Z">
          <params>
            <param index="0">
              <value>
                <![CDATA[A_]]>
              </value>
            </param>
          </params>
          <reporter-output>
          </reporter-output>
        </test-method> <!-- filterByDescription -->
        <test-method status="PASS" signature="init()[pri:0, instance:bwi.prog1D.WS1617.wi16b002_Galanxhi.LabWork01.tests.LendItemArrayListFunctionsTest@5ae9a829]" name="init" is-config="true" duration-ms="0" started-at="2016-12-21T02:08:35Z" finished-at="2016-12-21T02:08:35Z">
          <reporter-output>
          </reporter-output>
        </test-method> <!-- init -->
        <test-method status="PASS" signature="filterByDescription(java.lang.String)[pri:0, instance:bwi.prog1D.WS1617.wi16b002_Galanxhi.LabWork01.tests.LendItemArrayListFunctionsTest@5ae9a829]" name="filterByDescription" duration-ms="9" started-at="2016-12-21T02:08:35Z" description="tests if filter by description returns the defined result" data-provider="filterDesc" finished-at="2016-12-21T02:08:35Z">
          <params>
            <param index="0">
              <value>
                <![CDATA[C]]>
              </value>
            </param>
          </params>
          <reporter-output>
          </reporter-output>
        </test-method> <!-- filterByDescription -->
        <test-method status="PASS" signature="filterByDescription(java.lang.String)[pri:0, instance:bwi.prog1D.WS1617.wi16b002_Galanxhi.LabWork01.tests.LendItemArrayListFunctionsTest@5ae9a829]" name="filterByDescription" duration-ms="10" started-at="2016-12-21T02:08:35Z" description="tests if filter by description returns the defined result" data-provider="filterDesc" finished-at="2016-12-21T02:08:35Z">
          <params>
            <param index="0">
              <value>
                <![CDATA[F]]>
              </value>
            </param>
          </params>
          <reporter-output>
          </reporter-output>
        </test-method> <!-- filterByDescription -->
        <test-method status="PASS" signature="init()[pri:0, instance:bwi.prog1D.WS1617.wi16b002_Galanxhi.LabWork01.tests.LendItemArrayListFunctionsTest@5ae9a829]" name="init" is-config="true" duration-ms="0" started-at="2016-12-21T02:08:35Z" finished-at="2016-12-21T02:08:35Z">
          <reporter-output>
          </reporter-output>
        </test-method> <!-- init -->
        <test-method status="PASS" signature="init()[pri:0, instance:bwi.prog1D.WS1617.wi16b002_Galanxhi.LabWork01.tests.LendItemArrayListFunctionsTest@5ae9a829]" name="init" is-config="true" duration-ms="1" started-at="2016-12-21T02:08:35Z" finished-at="2016-12-21T02:08:35Z">
          <reporter-output>
          </reporter-output>
        </test-method> <!-- init -->
        <test-method status="PASS" signature="filterByDescription(java.lang.String)[pri:0, instance:bwi.prog1D.WS1617.wi16b002_Galanxhi.LabWork01.tests.LendItemArrayListFunctionsTest@5ae9a829]" name="filterByDescription" duration-ms="13" started-at="2016-12-21T02:08:35Z" description="tests if filter by description returns the defined result" data-provider="filterDesc" finished-at="2016-12-21T02:08:35Z">
          <params>
            <param index="0">
              <value>
                <![CDATA[X]]>
              </value>
            </param>
          </params>
          <reporter-output>
          </reporter-output>
        </test-method> <!-- filterByDescription -->
        <test-method status="PASS" signature="init()[pri:0, instance:bwi.prog1D.WS1617.wi16b002_Galanxhi.LabWork01.tests.LendItemArrayListFunctionsTest@5ae9a829]" name="init" is-config="true" duration-ms="1" started-at="2016-12-21T02:08:35Z" finished-at="2016-12-21T02:08:35Z">
          <reporter-output>
          </reporter-output>
        </test-method> <!-- init -->
        <test-method status="PASS" signature="findByID(int)[pri:0, instance:bwi.prog1D.WS1617.wi16b002_Galanxhi.LabWork01.tests.LendItemArrayListFunctionsTest@5ae9a829]" name="findByID" duration-ms="14" started-at="2016-12-21T02:08:35Z" description="test if a LendItem can be found by ID" data-provider="id" finished-at="2016-12-21T02:08:35Z">
          <params>
            <param index="0">
              <value>
                <![CDATA[9]]>
              </value>
            </param>
          </params>
          <reporter-output>
          </reporter-output>
        </test-method> <!-- findByID -->
        <test-method status="PASS" signature="init()[pri:0, instance:bwi.prog1D.WS1617.wi16b002_Galanxhi.LabWork01.tests.LendItemArrayListFunctionsTest@5ae9a829]" name="init" is-config="true" duration-ms="1" started-at="2016-12-21T02:08:35Z" finished-at="2016-12-21T02:08:35Z">
          <reporter-output>
          </reporter-output>
        </test-method> <!-- init -->
        <test-method status="PASS" signature="findByID(int)[pri:0, instance:bwi.prog1D.WS1617.wi16b002_Galanxhi.LabWork01.tests.LendItemArrayListFunctionsTest@5ae9a829]" name="findByID" duration-ms="12" started-at="2016-12-21T02:08:35Z" description="test if a LendItem can be found by ID" data-provider="id" finished-at="2016-12-21T02:08:35Z">
          <params>
            <param index="0">
              <value>
                <![CDATA[18]]>
              </value>
            </param>
          </params>
          <reporter-output>
          </reporter-output>
        </test-method> <!-- findByID -->
        <test-method status="PASS" signature="init()[pri:0, instance:bwi.prog1D.WS1617.wi16b002_Galanxhi.LabWork01.tests.LendItemArrayListFunctionsTest@5ae9a829]" name="init" is-config="true" duration-ms="0" started-at="2016-12-21T02:08:35Z" finished-at="2016-12-21T02:08:35Z">
          <reporter-output>
          </reporter-output>
        </test-method> <!-- init -->
        <test-method status="PASS" signature="findByID(int)[pri:0, instance:bwi.prog1D.WS1617.wi16b002_Galanxhi.LabWork01.tests.LendItemArrayListFunctionsTest@5ae9a829]" name="findByID" duration-ms="9" started-at="2016-12-21T02:08:35Z" description="test if a LendItem can be found by ID" data-provider="id" finished-at="2016-12-21T02:08:35Z">
          <params>
            <param index="0">
              <value>
                <![CDATA[6]]>
              </value>
            </param>
          </params>
          <reporter-output>
          </reporter-output>
        </test-method> <!-- findByID -->
        <test-method status="PASS" signature="findByID(int)[pri:0, instance:bwi.prog1D.WS1617.wi16b002_Galanxhi.LabWork01.tests.LendItemArrayListFunctionsTest@5ae9a829]" name="findByID" duration-ms="6" started-at="2016-12-21T02:08:35Z" description="test if a LendItem can be found by ID" data-provider="id" finished-at="2016-12-21T02:08:36Z">
          <params>
            <param index="0">
              <value>
                <![CDATA[-15]]>
              </value>
            </param>
          </params>
          <reporter-output>
          </reporter-output>
        </test-method> <!-- findByID -->
        <test-method status="PASS" signature="init()[pri:0, instance:bwi.prog1D.WS1617.wi16b002_Galanxhi.LabWork01.tests.LendItemArrayListFunctionsTest@5ae9a829]" name="init" is-config="true" duration-ms="0" started-at="2016-12-21T02:08:35Z" finished-at="2016-12-21T02:08:35Z">
          <reporter-output>
          </reporter-output>
        </test-method> <!-- init -->
        <test-method status="PASS" signature="init()[pri:0, instance:bwi.prog1D.WS1617.wi16b002_Galanxhi.LabWork01.tests.LendItemArrayListFunctionsTest@5ae9a829]" name="init" is-config="true" duration-ms="1" started-at="2016-12-21T02:08:36Z" finished-at="2016-12-21T02:08:36Z">
          <reporter-output>
          </reporter-output>
        </test-method> <!-- init -->
        <test-method status="PASS" signature="findByID(int)[pri:0, instance:bwi.prog1D.WS1617.wi16b002_Galanxhi.LabWork01.tests.LendItemArrayListFunctionsTest@5ae9a829]" name="findByID" duration-ms="5" started-at="2016-12-21T02:08:36Z" description="test if a LendItem can be found by ID" data-provider="id" finished-at="2016-12-21T02:08:36Z">
          <params>
            <param index="0">
              <value>
                <![CDATA[54]]>
              </value>
            </param>
          </params>
          <reporter-output>
          </reporter-output>
        </test-method> <!-- findByID -->
        <test-method status="PASS" signature="init()[pri:0, instance:bwi.prog1D.WS1617.wi16b002_Galanxhi.LabWork01.tests.LendItemArrayListFunctionsTest@5ae9a829]" name="init" is-config="true" duration-ms="1" started-at="2016-12-21T02:08:36Z" finished-at="2016-12-21T02:08:36Z">
          <reporter-output>
          </reporter-output>
        </test-method> <!-- init -->
        <test-method status="PASS" signature="remove()[pri:0, instance:bwi.prog1D.WS1617.wi16b002_Galanxhi.LabWork01.tests.LendItemArrayListFunctionsTest@5ae9a829]" name="remove" duration-ms="4" started-at="2016-12-21T02:08:36Z" description="test if an item can be removed by index. this test checks the last element was removed successfully(in full array); this test requires the add method is succesfull" finished-at="2016-12-21T02:08:36Z">
          <reporter-output>
          </reporter-output>
        </test-method> <!-- remove -->
        <test-method status="PASS" signature="removeFromFullList()[pri:0, instance:bwi.prog1D.WS1617.wi16b002_Galanxhi.LabWork01.tests.LendItemArrayListFunctionsTest@5ae9a829]" name="removeFromFullList" duration-ms="5" started-at="2016-12-21T02:08:36Z" description="test if an item can be removed by index. this test check the last existing element (not in full array); this test requires the add method is succesfull" finished-at="2016-12-21T02:08:36Z">
          <reporter-output>
          </reporter-output>
        </test-method> <!-- removeFromFullList -->
        <test-method status="PASS" signature="init()[pri:0, instance:bwi.prog1D.WS1617.wi16b002_Galanxhi.LabWork01.tests.LendItemArrayListFunctionsTest@5ae9a829]" name="init" is-config="true" duration-ms="0" started-at="2016-12-21T02:08:36Z" finished-at="2016-12-21T02:08:36Z">
          <reporter-output>
          </reporter-output>
        </test-method> <!-- init -->
        <test-method status="PASS" signature="init()[pri:0, instance:bwi.prog1D.WS1617.wi16b002_Galanxhi.LabWork01.tests.LendItemArrayListFunctionsTest@5ae9a829]" name="init" is-config="true" duration-ms="1" started-at="2016-12-21T02:08:36Z" finished-at="2016-12-21T02:08:36Z">
          <reporter-output>
          </reporter-output>
        </test-method> <!-- init -->
        <test-method status="PASS" signature="removeNonExistingElement()[pri:0, instance:bwi.prog1D.WS1617.wi16b002_Galanxhi.LabWork01.tests.LendItemArrayListFunctionsTest@5ae9a829]" name="removeNonExistingElement" duration-ms="5" started-at="2016-12-21T02:08:36Z" description="test if an item can be removed by index. this test checks an unexisting element can&#039;t be removed (method returns null, no changes); this test requires the add method is succesfull" finished-at="2016-12-21T02:08:36Z">
          <reporter-output>
          </reporter-output>
        </test-method> <!-- removeNonExistingElement -->
        <test-method status="PASS" signature="init()[pri:0, instance:bwi.prog1D.WS1617.wi16b002_Galanxhi.LabWork01.tests.LendItemArrayListFunctionsTest@5ae9a829]" name="init" is-config="true" duration-ms="1" started-at="2016-12-21T02:08:36Z" finished-at="2016-12-21T02:08:36Z">
          <reporter-output>
          </reporter-output>
        </test-method> <!-- init -->
        <test-method status="PASS" signature="removeNonExistingID()[pri:0, instance:bwi.prog1D.WS1617.wi16b002_Galanxhi.LabWork01.tests.LendItemArrayListFunctionsTest@5ae9a829]" name="removeNonExistingID" duration-ms="3" started-at="2016-12-21T02:08:36Z" description="test if an item can be removed by index. this test checks an element with non existing id can&#039;t be removed (method returns null, no changes); this test requires the add method is succesfull" finished-at="2016-12-21T02:08:36Z">
          <reporter-output>
          </reporter-output>
        </test-method> <!-- removeNonExistingID -->
        <test-method status="PASS" signature="init()[pri:0, instance:bwi.prog1D.WS1617.wi16b002_Galanxhi.LabWork01.tests.LendItemArrayListFunctionsTest@5ae9a829]" name="init" is-config="true" duration-ms="0" started-at="2016-12-21T02:08:36Z" finished-at="2016-12-21T02:08:36Z">
          <reporter-output>
          </reporter-output>
        </test-method> <!-- init -->
        <test-method status="PASS" signature="removeSecondElement()[pri:0, instance:bwi.prog1D.WS1617.wi16b002_Galanxhi.LabWork01.tests.LendItemArrayListFunctionsTest@5ae9a829]" name="removeSecondElement" duration-ms="3" started-at="2016-12-21T02:08:36Z" description="test if an item can be removed by index. this test checks that the second element was removed successfully, copying all other items afterwards to an index-1; this test requires the add method is succesfull" finished-at="2016-12-21T02:08:36Z">
          <reporter-output>
          </reporter-output>
        </test-method> <!-- removeSecondElement -->
        <test-method status="PASS" signature="init()[pri:0, instance:bwi.prog1D.WS1617.wi16b002_Galanxhi.LabWork01.tests.LendItemArrayListFunctionsTest@5ae9a829]" name="init" is-config="true" duration-ms="1" started-at="2016-12-21T02:08:36Z" finished-at="2016-12-21T02:08:36Z">
          <reporter-output>
          </reporter-output>
        </test-method> <!-- init -->
        <test-method status="PASS" signature="sort(int)[pri:0, instance:bwi.prog1D.WS1617.wi16b002_Galanxhi.LabWork01.tests.LendItemArrayListFunctionsTest@5ae9a829]" name="sort" duration-ms="11" started-at="2016-12-21T02:08:36Z" description="tests if sorting is implemented as expected, prerequisite: compare function is used!" data-provider="sortingOrder" finished-at="2016-12-21T02:08:36Z">
          <params>
            <param index="0">
              <value>
                <![CDATA[0]]>
              </value>
            </param>
          </params>
          <reporter-output>
          </reporter-output>
        </test-method> <!-- sort -->
        <test-method status="PASS" signature="sort(int)[pri:0, instance:bwi.prog1D.WS1617.wi16b002_Galanxhi.LabWork01.tests.LendItemArrayListFunctionsTest@5ae9a829]" name="sort" duration-ms="7" started-at="2016-12-21T02:08:36Z" description="tests if sorting is implemented as expected, prerequisite: compare function is used!" data-provider="sortingOrder" finished-at="2016-12-21T02:08:36Z">
          <params>
            <param index="0">
              <value>
                <![CDATA[3]]>
              </value>
            </param>
          </params>
          <reporter-output>
          </reporter-output>
        </test-method> <!-- sort -->
        <test-method status="PASS" signature="init()[pri:0, instance:bwi.prog1D.WS1617.wi16b002_Galanxhi.LabWork01.tests.LendItemArrayListFunctionsTest@5ae9a829]" name="init" is-config="true" duration-ms="0" started-at="2016-12-21T02:08:36Z" finished-at="2016-12-21T02:08:36Z">
          <reporter-output>
          </reporter-output>
        </test-method> <!-- init -->
        <test-method status="PASS" signature="init()[pri:0, instance:bwi.prog1D.WS1617.wi16b002_Galanxhi.LabWork01.tests.LendItemArrayListFunctionsTest@5ae9a829]" name="init" is-config="true" duration-ms="1" started-at="2016-12-21T02:08:36Z" finished-at="2016-12-21T02:08:36Z">
          <reporter-output>
          </reporter-output>
        </test-method> <!-- init -->
        <test-method status="PASS" signature="sort(int)[pri:0, instance:bwi.prog1D.WS1617.wi16b002_Galanxhi.LabWork01.tests.LendItemArrayListFunctionsTest@5ae9a829]" name="sort" duration-ms="6" started-at="2016-12-21T02:08:36Z" description="tests if sorting is implemented as expected, prerequisite: compare function is used!" data-provider="sortingOrder" finished-at="2016-12-21T02:08:36Z">
          <params>
            <param index="0">
              <value>
                <![CDATA[4]]>
              </value>
            </param>
          </params>
          <reporter-output>
          </reporter-output>
        </test-method> <!-- sort -->
        <test-method status="PASS" signature="init()[pri:0, instance:bwi.prog1D.WS1617.wi16b002_Galanxhi.LabWork01.tests.LendItemArrayListFunctionsTest@5ae9a829]" name="init" is-config="true" duration-ms="1" started-at="2016-12-21T02:08:36Z" finished-at="2016-12-21T02:08:36Z">
          <reporter-output>
          </reporter-output>
        </test-method> <!-- init -->
        <test-method status="PASS" signature="sort(int)[pri:0, instance:bwi.prog1D.WS1617.wi16b002_Galanxhi.LabWork01.tests.LendItemArrayListFunctionsTest@5ae9a829]" name="sort" duration-ms="7" started-at="2016-12-21T02:08:36Z" description="tests if sorting is implemented as expected, prerequisite: compare function is used!" data-provider="sortingOrder" finished-at="2016-12-21T02:08:36Z">
          <params>
            <param index="0">
              <value>
                <![CDATA[1]]>
              </value>
            </param>
          </params>
          <reporter-output>
          </reporter-output>
        </test-method> <!-- sort -->
        <test-method status="PASS" signature="init()[pri:0, instance:bwi.prog1D.WS1617.wi16b002_Galanxhi.LabWork01.tests.LendItemArrayListFunctionsTest@5ae9a829]" name="init" is-config="true" duration-ms="0" started-at="2016-12-21T02:08:36Z" finished-at="2016-12-21T02:08:36Z">
          <reporter-output>
          </reporter-output>
        </test-method> <!-- init -->
        <test-method status="PASS" signature="sort(int)[pri:0, instance:bwi.prog1D.WS1617.wi16b002_Galanxhi.LabWork01.tests.LendItemArrayListFunctionsTest@5ae9a829]" name="sort" duration-ms="8" started-at="2016-12-21T02:08:36Z" description="tests if sorting is implemented as expected, prerequisite: compare function is used!" data-provider="sortingOrder" finished-at="2016-12-21T02:08:36Z">
          <params>
            <param index="0">
              <value>
                <![CDATA[2]]>
              </value>
            </param>
          </params>
          <reporter-output>
          </reporter-output>
        </test-method> <!-- sort -->
        <test-method status="PASS" signature="init()[pri:0, instance:bwi.prog1D.WS1617.wi16b002_Galanxhi.LabWork01.tests.LendItemArrayListFunctionsTest@5ae9a829]" name="init" is-config="true" duration-ms="1" started-at="2016-12-21T02:08:36Z" finished-at="2016-12-21T02:08:36Z">
          <reporter-output>
          </reporter-output>
        </test-method> <!-- init -->
        <test-method status="PASS" signature="sort(int)[pri:0, instance:bwi.prog1D.WS1617.wi16b002_Galanxhi.LabWork01.tests.LendItemArrayListFunctionsTest@5ae9a829]" name="sort" duration-ms="8" started-at="2016-12-21T02:08:36Z" description="tests if sorting is implemented as expected, prerequisite: compare function is used!" data-provider="sortingOrder" finished-at="2016-12-21T02:08:36Z">
          <params>
            <param index="0">
              <value>
                <![CDATA[20]]>
              </value>
            </param>
          </params>
          <reporter-output>
          </reporter-output>
        </test-method> <!-- sort -->
      </class> <!-- bwi.prog1D.WS1617.wi16b002_Galanxhi.LabWork01.tests.LendItemArrayListFunctionsTest -->
    </test> <!-- Default test -->
  </suite> <!-- Default suite -->
</testng-results>
